# JRE version: OpenJDK Runtime Environment (7.0_79-b14) (build 1.7.0_79-b14)
# Java VM: OpenJDK 64-Bit Server VM (24.79-b02 mixed mode linux-amd64 compressed oops)
Heap
 PSYoungGen      total 135680K, used 107342K [0x00000000eb800000, 0x00000000fbd00000, 0x0000000100000000)
  eden space 33280K, 65% used [0x00000000eb800000,0x00000000ecd3bb90,0x00000000ed880000)
  from space 102400K, 83% used [0x00000000ed880000,0x00000000f2c18000,0x00000000f3c80000)
  to   space 111616K, 57% used [0x00000000f5000000,0x00000000f8ec8000,0x00000000fbd00000)
 ParOldGen       total 671744K, used 551268K [0x00000000c2800000, 0x00000000eb800000, 0x00000000eb800000)
  object space 671744K, 82% used [0x00000000c2800000,0x00000000e4259118,0x00000000eb800000)
 PSPermGen       total 21504K, used 4521K [0x00000000b8200000, 0x00000000b9700000, 0x00000000c2800000)
  object space 21504K, 21% used [0x00000000b8200000,0x00000000b866a700,0x00000000b9700000)
GC Heap History (10 events):
Event: 5,992 GC heap after
Heap after GC invocations=12 (full 4):
 PSYoungGen      total 112128K, used 86016K [0x00000000eb800000, 0x00000000fc100000, 0x0000000100000000)
  eden space 26112K, 0% used [0x00000000eb800000,0x00000000eb800000,0x00000000ed180000)
  from space 86016K, 100% used [0x00000000f3b80000,0x00000000f8f80000,0x00000000f8f80000)
  to   space 108544K, 0% used [0x00000000ed180000,0x00000000ed180000,0x00000000f3b80000)
 ParOldGen       total 427008K, used 383496K [0x00000000c2800000, 0x00000000dc900000, 0x00000000eb800000)
  object space 427008K, 89% used [0x00000000c2800000,0x00000000d9e82298,0x00000000dc900000)
 PSPermGen       total 21504K, used 4521K [0x00000000b8200000, 0x00000000b9700000, 0x00000000c2800000)
  object space 21504K, 21% used [0x00000000b8200000,0x00000000b866a700,0x00000000b9700000)
}
Event: 7,899 GC heap before
{Heap before GC invocations=13 (full 5):
 PSYoungGen      total 112128K, used 86016K [0x00000000eb800000, 0x00000000fc100000, 0x0000000100000000)
  eden space 26112K, 0% used [0x00000000eb800000,0x00000000eb800000,0x00000000ed180000)
  from space 86016K, 100% used [0x00000000f3b80000,0x00000000f8f80000,0x00000000f8f80000)
  to   space 108544K, 0% used [0x00000000ed180000,0x00000000ed180000,0x00000000f3b80000)
 ParOldGen       total 427008K, used 383496K [0x00000000c2800000, 0x00000000dc900000, 0x00000000eb800000)
  object space 427008K, 89% used [0x00000000c2800000,0x00000000d9e82298,0x00000000dc900000)
 PSPermGen       total 21504K, used 4521K [0x00000000b8200000, 0x00000000b9700000, 0x00000000c2800000)
  object space 21504K, 21% used [0x00000000b8200000,0x00000000b866a700,0x00000000b9700000)
Event: 12,845 GC heap after
Heap after GC invocations=13 (full 5):
 PSYoungGen      total 112128K, used 0K [0x00000000eb800000, 0x00000000fc100000, 0x0000000100000000)
  eden space 26112K, 0% used [0x00000000eb800000,0x00000000eb800000,0x00000000ed180000)
  from space 86016K, 0% used [0x00000000f3b80000,0x00000000f3b80000,0x00000000f8f80000)
  to   space 108544K, 0% used [0x00000000ed180000,0x00000000ed180000,0x00000000f3b80000)
 ParOldGen       total 583680K, used 387428K [0x00000000c2800000, 0x00000000e6200000, 0x00000000eb800000)
  object space 583680K, 66% used [0x00000000c2800000,0x00000000da259108,0x00000000e6200000)
 PSPermGen       total 21504K, used 4521K [0x00000000b8200000, 0x00000000b9700000, 0x00000000c2800000)
  object space 21504K, 21% used [0x00000000b8200000,0x00000000b866a700,0x00000000b9700000)
}
Event: 12,977 GC heap before
{Heap before GC invocations=14 (full 5):
 PSYoungGen      total 112128K, used 26112K [0x00000000eb800000, 0x00000000fc100000, 0x0000000100000000)
  eden space 26112K, 100% used [0x00000000eb800000,0x00000000ed180000,0x00000000ed180000)
  from space 86016K, 0% used [0x00000000f3b80000,0x00000000f3b80000,0x00000000f8f80000)
  to   space 108544K, 0% used [0x00000000ed180000,0x00000000ed180000,0x00000000f3b80000)
 ParOldGen       total 583680K, used 387428K [0x00000000c2800000, 0x00000000e6200000, 0x00000000eb800000)
  object space 583680K, 66% used [0x00000000c2800000,0x00000000da259108,0x00000000e6200000)
 PSPermGen       total 21504K, used 4521K [0x00000000b8200000, 0x00000000b9700000, 0x00000000c2800000)
  object space 21504K, 21% used [0x00000000b8200000,0x00000000b866a700,0x00000000b9700000)
Event: 13,162 GC heap after
Heap after GC invocations=14 (full 5):
 PSYoungGen      total 134656K, used 26176K [0x00000000eb800000, 0x00000000fa200000, 0x0000000100000000)
  eden space 26112K, 0% used [0x00000000eb800000,0x00000000eb800000,0x00000000ed180000)
  from space 108544K, 24% used [0x00000000ed180000,0x00000000eeb10000,0x00000000f3b80000)
  to   space 103936K, 0% used [0x00000000f3c80000,0x00000000f3c80000,0x00000000fa200000)
 ParOldGen       total 583680K, used 387428K [0x00000000c2800000, 0x00000000e6200000, 0x00000000eb800000)
  object space 583680K, 66% used [0x00000000c2800000,0x00000000da259108,0x00000000e6200000)
 PSPermGen       total 21504K, used 4521K [0x00000000b8200000, 0x00000000b9700000, 0x00000000c2800000)
  object space 21504K, 21% used [0x00000000b8200000,0x00000000b866a700,0x00000000b9700000)
}
Event: 13,243 GC heap before
{Heap before GC invocations=15 (full 5):
 PSYoungGen      total 134656K, used 52288K [0x00000000eb800000, 0x00000000fa200000, 0x0000000100000000)
  eden space 26112K, 100% used [0x00000000eb800000,0x00000000ed180000,0x00000000ed180000)
  from space 108544K, 24% used [0x00000000ed180000,0x00000000eeb10000,0x00000000f3b80000)
  to   space 103936K, 0% used [0x00000000f3c80000,0x00000000f3c80000,0x00000000fa200000)
 ParOldGen       total 583680K, used 387428K [0x00000000c2800000, 0x00000000e6200000, 0x00000000eb800000)
  object space 583680K, 66% used [0x00000000c2800000,0x00000000da259108,0x00000000e6200000)
 PSPermGen       total 21504K, used 4521K [0x00000000b8200000, 0x00000000b9700000, 0x00000000c2800000)
  object space 21504K, 21% used [0x00000000b8200000,0x00000000b866a700,0x00000000b9700000)
Event: 13,530 GC heap after
Heap after GC invocations=15 (full 5):
 PSYoungGen      total 135680K, used 52320K [0x00000000eb800000, 0x00000000fa080000, 0x0000000100000000)
  eden space 33280K, 0% used [0x00000000eb800000,0x00000000eb800000,0x00000000ed880000)
  from space 102400K, 51% used [0x00000000f3c80000,0x00000000f6f98000,0x00000000fa080000)
  to   space 102400K, 0% used [0x00000000ed880000,0x00000000ed880000,0x00000000f3c80000)
 ParOldGen       total 583680K, used 387428K [0x00000000c2800000, 0x00000000e6200000, 0x00000000eb800000)
  object space 583680K, 66% used [0x00000000c2800000,0x00000000da259108,0x00000000e6200000)
 PSPermGen       total 21504K, used 4521K [0x00000000b8200000, 0x00000000b9700000, 0x00000000c2800000)
  object space 21504K, 21% used [0x00000000b8200000,0x00000000b866a700,0x00000000b9700000)
}
Event: 13,634 GC heap before
{Heap before GC invocations=16 (full 5):
 PSYoungGen      total 135680K, used 85600K [0x00000000eb800000, 0x00000000fa080000, 0x0000000100000000)
  eden space 33280K, 100% used [0x00000000eb800000,0x00000000ed880000,0x00000000ed880000)
  from space 102400K, 51% used [0x00000000f3c80000,0x00000000f6f98000,0x00000000fa080000)
  to   space 102400K, 0% used [0x00000000ed880000,0x00000000ed880000,0x00000000f3c80000)
 ParOldGen       total 583680K, used 387428K [0x00000000c2800000, 0x00000000e6200000, 0x00000000eb800000)
  object space 583680K, 66% used [0x00000000c2800000,0x00000000da259108,0x00000000e6200000)
 PSPermGen       total 21504K, used 4521K [0x00000000b8200000, 0x00000000b9700000, 0x00000000c2800000)
  object space 21504K, 21% used [0x00000000b8200000,0x00000000b866a700,0x00000000b9700000)
Event: 14,077 GC heap after
Heap after GC invocations=16 (full 5):
 PSYoungGen      total 135680K, used 85600K [0x00000000eb800000, 0x00000000fbd00000, 0x0000000100000000)
  eden space 33280K, 0% used [0x00000000eb800000,0x00000000eb800000,0x00000000ed880000)
  from space 102400K, 83% used [0x00000000ed880000,0x00000000f2c18000,0x00000000f3c80000)
  to   space 111616K, 0% used [0x00000000f5000000,0x00000000f5000000,0x00000000fbd00000)
 ParOldGen       total 583680K, used 387428K [0x00000000c2800000, 0x00000000e6200000, 0x00000000eb800000)
  object space 583680K, 66% used [0x00000000c2800000,0x00000000da259108,0x00000000e6200000)
 PSPermGen       total 21504K, used 4521K [0x00000000b8200000, 0x00000000b9700000, 0x00000000c2800000)
  object space 21504K, 21% used [0x00000000b8200000,0x00000000b866a700,0x00000000b9700000)
}
Event: 19,919 GC heap before
{Heap before GC invocations=17 (full 5):
 PSYoungGen      total 135680K, used 107342K [0x00000000eb800000, 0x00000000fbd00000, 0x0000000100000000)
  eden space 33280K, 65% used [0x00000000eb800000,0x00000000ecd3bb90,0x00000000ed880000)
  from space 102400K, 83% used [0x00000000ed880000,0x00000000f2c18000,0x00000000f3c80000)
  to   space 111616K, 0% used [0x00000000f5000000,0x00000000f5000000,0x00000000fbd00000)
 ParOldGen       total 671744K, used 551268K [0x00000000c2800000, 0x00000000eb800000, 0x00000000eb800000)
  object space 671744K, 82% used [0x00000000c2800000,0x00000000e4259118,0x00000000eb800000)
 PSPermGen       total 21504K, used 4521K [0x00000000b8200000, 0x00000000b9700000, 0x00000000c2800000)
  object space 21504K, 21% used [0x00000000b8200000,0x00000000b866a700,0x00000000b9700000)

